<?xml version="1.0" encoding="UTF-8"?>
<testng-results ignored="0" total="6" passed="6" failed="0" skipped="0">
  <reporter-output>
  </reporter-output>
  <suite started-at="2026-09-22T15:10:24 GMT+05:45" name="Default suite" finished-at="2026-09-22T15:11:20 GMT+05:45" duration-ms="56126">
    <groups>
    </groups>
    <test started-at="2026-09-22T15:10:24 GMT+05:45" name="Default test" finished-at="2026-09-22T15:11:20 GMT+05:45" duration-ms="56126">
      <class name="tests.SignUpAutomation">
        <test-method is-config="true" signature="setUp()[pri:0, instance:tests.SignUpAutomation@72057ecf]" started-at="2026-09-22T15:10:24 GMT+05:45" name="setUp" finished-at="2026-09-22T15:10:27 GMT+05:45" duration-ms="3662" status="PASS">
          <reporter-output>
          </reporter-output>
        </test-method> <!-- setUp -->
        <test-method signature="JoinUsBtn()[pri:1, instance:tests.SignUpAutomation@72057ecf]" started-at="2026-09-22T15:10:27 GMT+05:45" name="JoinUsBtn" finished-at="2026-09-22T15:10:28 GMT+05:45" duration-ms="683" status="PASS">
          <reporter-output>
          </reporter-output>
        </test-method> <!-- JoinUsBtn -->
        <test-method signature="termsandcontinue()[pri:2, instance:tests.SignUpAutomation@72057ecf]" started-at="2026-09-22T15:10:28 GMT+05:45" name="termsandcontinue" finished-at="2026-09-22T15:10:29 GMT+05:45" depends-on-methods="tests.SignUpAutomation.JoinUsBtn" duration-ms="1193" status="PASS">
          <reporter-output>
          </reporter-output>
        </test-method> <!-- termsandcontinue -->
        <test-method signature="detail()[pri:3, instance:tests.SignUpAutomation@72057ecf]" started-at="2026-09-22T15:10:29 GMT+05:45" name="detail" finished-at="2026-09-22T15:10:49 GMT+05:45" depends-on-methods="tests.SignUpAutomation.termsandcontinue" duration-ms="19876" status="PASS">
          <reporter-output>
          </reporter-output>
        </test-method> <!-- detail -->
        <test-method signature="agencyDetails()[pri:4, instance:tests.SignUpAutomation@72057ecf]" started-at="2026-09-22T15:10:49 GMT+05:45" name="agencyDetails" finished-at="2026-09-22T15:10:57 GMT+05:45" depends-on-methods="tests.SignUpAutomation.detail" duration-ms="7657" status="PASS">
          <reporter-output>
          </reporter-output>
        </test-method> <!-- agencyDetails -->
        <test-method signature="professionalExperience()[pri:5, instance:tests.SignUpAutomation@72057ecf]" started-at="2026-09-22T15:10:57 GMT+05:45" name="professionalExperience" finished-at="2026-09-22T15:11:04 GMT+05:45" depends-on-methods="tests.SignUpAutomation.agencyDetails" duration-ms="7527" status="PASS">
          <reporter-output>
          </reporter-output>
        </test-method> <!-- professionalExperience -->
        <test-method signature="verificationPreferences()[pri:6, instance:tests.SignUpAutomation@72057ecf]" started-at="2026-09-22T15:11:04 GMT+05:45" name="verificationPreferences" finished-at="2026-09-22T15:11:19 GMT+05:45" depends-on-methods="tests.SignUpAutomation.professionalExperience" duration-ms="15242" status="PASS">
          <reporter-output>
          </reporter-output>
        </test-method> <!-- verificationPreferences -->
        <test-method is-config="true" signature="tearDown()[pri:0, instance:tests.SignUpAutomation@72057ecf]" started-at="2026-09-22T15:11:19 GMT+05:45" name="tearDown" finished-at="2026-09-22T15:11:20 GMT+05:45" duration-ms="212" status="PASS">
          <reporter-output>
          </reporter-output>
        </test-method> <!-- tearDown -->
      </class> <!-- tests.SignUpAutomation -->
    </test> <!-- Default test -->
  </suite> <!-- Default suite -->
</testng-results>
