<?xml version="1.0" encoding="UTF-8"?>
<!-- Generated by org.testng.reporters.JUnitReportReporter -->
<testsuite hostname="DESKTOP-41FKTIN" failures="0" tests="6" name="tests.SignUpAutomation" time="52.178" errors="0" timestamp="2026-09-22T15:11:20 GMT+05:45" skipped="0">
  <testcase classname="tests.SignUpAutomation" name="JoinUsBtn" time="0.683"/>
  <testcase classname="tests.SignUpAutomation" name="termsandcontinue" time="1.193"/>
  <testcase classname="tests.SignUpAutomation" name="detail" time="19.876"/>
  <testcase classname="tests.SignUpAutomation" name="agencyDetails" time="7.657"/>
  <testcase classname="tests.SignUpAutomation" name="professionalExperience" time="7.527"/>
  <testcase classname="tests.SignUpAutomation" name="verificationPreferences" time="15.242"/>
</testsuite> <!-- tests.SignUpAutomation -->
